\BOOKMARK [1][-]{section.1}{\376\377\230\230\166\356\143\317\217\360}{}% 1
\BOOKMARK [2][-]{subsection.1.1}{\376\377\213\325\230\230\143\317\217\360}{section.1}% 2
\BOOKMARK [2][-]{subsection.1.2}{\376\377\152\041\127\213\120\107\213\276}{section.1}% 3
\BOOKMARK [2][-]{subsection.1.3}{\376\377\116\377\167\037\211\201\154\102}{section.1}% 4
\BOOKMARK [1][-]{section.2}{\376\377\213\325\230\230\136\372\152\041}{}% 5
\BOOKMARK [2][-]{subsection.2.1}{\376\377\000S\000I\000R\136\372\152\041\217\307\172\013}{section.2}% 6
\BOOKMARK [3][-]{subsubsection.2.1.1}{\376\377\122\035\131\313\152\041\127\213}{subsection.2.1}% 7
\BOOKMARK [2][-]{subsection.2.2}{\376\377\000S\000I\152\041\127\213}{section.2}% 8
\BOOKMARK [2][-]{subsection.2.3}{\376\377\000S\000I\000R\152\041\127\213}{section.2}% 9
\BOOKMARK [2][-]{subsection.2.4}{\376\377\000W\000S\134\017\116\026\165\114\152\041\127\213}{section.2}% 10
\BOOKMARK [1][-]{section.3}{\376\377\213\325\230\230\116\055\133\236\163\260\166\204\121\163\225\056\226\276\160\271}{}% 11
\BOOKMARK [2][-]{subsection.3.1}{\376\377\000W\000S\134\017\116\026\165\114\152\041\127\213\166\204\147\204\136\372\116\016\146\076\171\072}{section.3}% 12
\BOOKMARK [2][-]{subsection.3.2}{\376\377\145\160\120\074\122\006\147\220\211\343}{section.3}% 13
\BOOKMARK [2][-]{subsection.3.3}{\376\377\217\333\210\114\152\041\142\337\116\377\167\037}{section.3}% 14
\BOOKMARK [1][-]{section.4}{\376\377\172\013\136\217\217\320\210\114\143\007\123\127}{}% 15
\BOOKMARK [2][-]{subsection.4.1}{\376\377\135\345\172\013\145\207\116\366\213\364\146\016}{section.4}% 16
\BOOKMARK [2][-]{subsection.4.2}{\376\377\117\177\165\050\213\364\146\016}{section.4}% 17
\BOOKMARK [3][-]{subsubsection.4.2.1}{\376\377\116\073\165\114\227\142}{subsection.4.2}% 18
\BOOKMARK [3][-]{subsubsection.4.2.2}{\376\377\213\364\146\016\165\114\227\142}{subsection.4.2}% 19
\BOOKMARK [3][-]{subsubsection.4.2.3}{\376\377\116\377\167\037\165\114\227\142}{subsection.4.2}% 20
\BOOKMARK [4][-]{subsubsubsection.4.2.3.1}{\376\377\165\114\227\142\213\364\146\016}{subsubsection.4.2.3}% 21
\BOOKMARK [4][-]{subsubsubsection.4.2.3.2}{\376\377\116\377\167\037\153\145\232\244}{subsubsection.4.2.3}% 22
\BOOKMARK [1][-]{section.5}{\376\377\172\013\136\217\217\320\210\114\122\006\147\220\133\236\117\213}{}% 23
\BOOKMARK [2][-]{subsection.5.1}{\376\377\165\037\142\020\177\121\176\334}{section.5}% 24
\BOOKMARK [2][-]{subsection.5.2}{\376\377\152\041\142\337\116\377\167\037}{section.5}% 25
\BOOKMARK [2][-]{subsection.5.3}{\376\377\145\160\120\074\122\006\147\220}{section.5}% 26
\BOOKMARK [2][-]{subsection.5.4}{\376\377\140\073\176\323}{section.5}% 27
\BOOKMARK [1][-]{section.6}{\376\377\221\315\160\271\116\343\170\001}{}% 28
\BOOKMARK [2][-]{subsection.6.1}{\376\377\000U\000I}{section.6}% 29
\BOOKMARK [2][-]{subsection.6.2}{\376\377\152\041\142\337\116\377\167\037\165\114\227\142}{section.6}% 30
\BOOKMARK [2][-]{subsection.6.3}{\376\377\000W\000a\000t\000t\000s\000S\000t\000r\000o\000g\000a\000t\000z\000.\000m}{section.6}% 31
\BOOKMARK [2][-]{subsection.6.4}{\376\377\000s\000i\000r\000\137\000s\000i\000m\000u\000l\000a\000t\000i\000o\000n\000.\000m}{section.6}% 32
\BOOKMARK [2][-]{subsection.6.5}{\376\377\000s\000i\000r\000\137\000i\000n\000f\000e\000c\000t\000i\000o\000n\000\137\000s\000t\000e\000p\000.\000m}{section.6}% 33
\BOOKMARK [2][-]{subsection.6.6}{\376\377\000s\000i\000r\000\137\000r\000e\000c\000o\000v\000e\000r\000y\000\137\000s\000t\000e\000p\000.\000m}{section.6}% 34
\BOOKMARK [2][-]{subsection.6.7}{\376\377\000s\000i\000r\000m\000o\000d\000e\000l\000.\000m}{section.6}% 35
